+ 2023/1/6 15:19:54
+ Looking for natvis image types in c:\users\administrator\appdata\local\microsoft\visualstudio\16.0_040b2ba5\extensions\cbjdmkxe.bws ...
+ Parsing ImageWatchOpenCV.natvis ...
+ Found type cv::Mat ...
+ Found alternative type name: cv::Mat_<*> ...
+ Found type CvMat ...
+ Found type _IplImage ...
+ -> Registering cv::Mat
+ -> Registering cv::Mat_<*>
+ -> Registering CvMat
+ -> Registering _IplImage
+ Parsing ImageWatchWinMedia.natvis ...
+ Found type IMFMediaBuffer ...
+ Found type IMF2DBuffer ...
+ Found type IMF2DBuffer2 ...
+ Found type CMF2DMemMediaBuffer ...
+ Found type CMFDX11SurfaceBuffer ...
+ Found type Microsoft::WRL::ComPtr<IMFMediaBuffer> ...
+ Found type Microsoft::WRL::ComPtr<IMF2DBuffer> ...
+ Found type Microsoft::WRL::ComPtr<IMF2DBuffer2> ...
+ -> Registering IMFMediaBuffer
+ -> Registering IMF2DBuffer
+ -> Registering IMF2DBuffer2
+ -> Registering CMF2DMemMediaBuffer
+ -> Registering CMFDX11SurfaceBuffer
+ -> Registering Microsoft::WRL::ComPtr<IMFMediaBuffer>
+ -> Registering Microsoft::WRL::ComPtr<IMF2DBuffer>
+ -> Registering Microsoft::WRL::ComPtr<IMF2DBuffer2>
+ Parsing ImageWatchWinRT.natvis ...
+ Found type DirectUI::WriteableBitmap ...
+ Found type Windows::UI::Xaml::Media::Imaging::WriteableBitmap ...
+ -> Registering DirectUI::WriteableBitmap
+ -> Registering Windows::UI::Xaml::Media::Imaging::WriteableBitmap
+ Looking for natvis image types in C:\Program Files (x86)\Microsoft Visual Studio\2019\Community\Common7\Packages\Debugger\Visualizers ...
+ Parsing atlmfc.natvis ...
+ Parsing concurrency.natvis ...
+ Parsing cpp_rest.natvis ...
+ Parsing ObjectiveC.natvis ...
+ Parsing stl.natvis ...
+ Parsing Windows.Data.Json.natvis ...
+ Parsing windows.devices.geolocation.natvis ...
+ Parsing windows.devices.sensors.natvis ...
+ Parsing windows.media.natvis ...
+ Parsing windows.natvis ...
+ Parsing winrt.natvis ...
+ Looking for natvis image types in Visual Studio 2019\Visualizers ...
+ Parsing qt5.natvis ...
+ Parsing qt6.natvis ...
