e:\checkbuilder0815\libcore\x64\release\libcore.pch
e:\checkbuilder0815\x64\release\libcore.pdb
e:\checkbuilder0815\libcore\x64\release\pch.obj
e:\checkbuilder0815\libcore\x64\release\timercounter.obj
e:\checkbuilder0815\libcore\x64\release\gstring.obj
e:\checkbuilder0815\libcore\x64\release\baseref.obj
e:\checkbuilder0815\libcore\x64\release\ggeometry.obj
e:\checkbuilder0815\libcore\x64\release\basefile.obj
e:\checkbuilder0815\libcore\x64\release\envviriable.obj
e:\checkbuilder0815\libcore\x64\release\filedirectory.obj
e:\checkbuilder0815\libcore\x64\release\coreimage.obj
e:\checkbuilder0815\libcore\x64\release\inifile.obj
e:\checkbuilder0815\libcore\x64\release\crashhandler.obj
e:\checkbuilder0815\libcore\x64\release\dllimporter.obj
e:\checkbuilder0815\libcore\x64\release\crashinfo.obj
e:\checkbuilder0815\x64\release\libcore.lib
e:\checkbuilder0815\libcore\x64\release\libcore.tlog\cl.command.1.tlog
e:\checkbuilder0815\libcore\x64\release\libcore.tlog\cl.read.1.tlog
e:\checkbuilder0815\libcore\x64\release\libcore.tlog\cl.write.1.tlog
e:\checkbuilder0815\libcore\x64\release\libcore.tlog\lib.command.1.tlog
e:\checkbuilder0815\libcore\x64\release\libcore.tlog\lib.read.1.tlog
e:\checkbuilder0815\libcore\x64\release\libcore.tlog\lib.write.1.tlog
