d:\algorithmdebuggingplatform\algorithmdebuggingplatform\x64\release\uic\ui_algorithmdebuggingplatform.h
d:\algorithmdebuggingplatform\algorithmdebuggingplatform\x64\release\rcc\qrc_algorithmdebuggingplatform.cpp
d:\algorithmdebuggingplatform\algorithmdebuggingplatform\x64\release\moc\moc_algorithmdebuggingplatform.cpp
d:\algorithmdebuggingplatform\algorithmdebuggingplatform\x64\release\vc142.pdb
d:\algorithmdebuggingplatform\algorithmdebuggingplatform\x64\release\main.obj
d:\algorithmdebuggingplatform\algorithmdebuggingplatform\x64\release\algorithmdebuggingplatform.obj
d:\algorithmdebuggingplatform\algorithmdebuggingplatform\x64\release\moc_algorithmdebuggingplatform.obj
d:\algorithmdebuggingplatform\algorithmdebuggingplatform\x64\release\qrc_algorithmdebuggingplatform.obj
d:\algorithmdebuggingplatform\x64\release\algorithmdebuggingplatform.ilk
d:\algorithmdebuggingplatform\x64\release\algorithmdebuggingplatform.exe
d:\algorithmdebuggingplatform\x64\release\algorithmdebuggingplatform.pdb
d:\algorithmdebuggingplatform\algorithmdebuggingplatform\x64\release\algorith.fc0b9cc7.tlog\algorithmdebuggingplatform.write.1u.tlog
d:\algorithmdebuggingplatform\algorithmdebuggingplatform\x64\release\algorith.fc0b9cc7.tlog\cl.command.1.tlog
d:\algorithmdebuggingplatform\algorithmdebuggingplatform\x64\release\algorith.fc0b9cc7.tlog\cl.read.1.tlog
d:\algorithmdebuggingplatform\algorithmdebuggingplatform\x64\release\algorith.fc0b9cc7.tlog\cl.write.1.tlog
d:\algorithmdebuggingplatform\algorithmdebuggingplatform\x64\release\algorith.fc0b9cc7.tlog\link.command.1.tlog
d:\algorithmdebuggingplatform\algorithmdebuggingplatform\x64\release\algorith.fc0b9cc7.tlog\link.read.1.tlog
d:\algorithmdebuggingplatform\algorithmdebuggingplatform\x64\release\algorith.fc0b9cc7.tlog\link.write.1.tlog
d:\algorithmdebuggingplatform\algorithmdebuggingplatform\x64\release\algorith.fc0b9cc7.tlog\moc.read.1u.tlog
d:\algorithmdebuggingplatform\algorithmdebuggingplatform\x64\release\algorith.fc0b9cc7.tlog\moc.write.1u.tlog
d:\algorithmdebuggingplatform\algorithmdebuggingplatform\x64\release\algorith.fc0b9cc7.tlog\rcc.read.1u.tlog
d:\algorithmdebuggingplatform\algorithmdebuggingplatform\x64\release\algorith.fc0b9cc7.tlog\rcc.write.1u.tlog
d:\algorithmdebuggingplatform\algorithmdebuggingplatform\x64\release\algorith.fc0b9cc7.tlog\uic.read.1u.tlog
d:\algorithmdebuggingplatform\algorithmdebuggingplatform\x64\release\algorith.fc0b9cc7.tlog\uic.write.1u.tlog
