d:\algorithmdebuggingplatform\algorithmdebuggingplatform\x64\debug\uic\ui_algorithmdebuggingplatform.h
d:\algorithmdebuggingplatform\algorithmdebuggingplatform\x64\debug\rcc\qrc_algorithmdebuggingplatform.cpp
d:\algorithmdebuggingplatform\algorithmdebuggingplatform\x64\debug\moc\moc_algorithmdebuggingplatform.cpp
d:\algorithmdebuggingplatform\algorithmdebuggingplatform\x64\debug\main.obj
d:\algorithmdebuggingplatform\algorithmdebuggingplatform\x64\debug\algorithmdebuggingplatform.obj
d:\algorithmdebuggingplatform\algorithmdebuggingplatform\x64\debug\yyjson.obj
d:\algorithmdebuggingplatform\algorithmdebuggingplatform\x64\debug\moc_algorithmdebuggingplatform.obj
d:\algorithmdebuggingplatform\algorithmdebuggingplatform\x64\debug\qrc_algorithmdebuggingplatform.obj
d:\algorithmdebuggingplatform\algorithmdebuggingplatform\x64\debug\vc142.pdb
d:\algorithmdebuggingplatform\x64\debug\algorithmdebuggingplatform.exe
d:\algorithmdebuggingplatform\x64\debug\algorithmdebuggingplatform.ilk
d:\algorithmdebuggingplatform\x64\debug\algorithmdebuggingplatform.pdb
d:\algorithmdebuggingplatform\algorithmdebuggingplatform\x64\debug\algorith.fc0b9cc7.tlog\algorithmdebuggingplatform.write.1u.tlog
d:\algorithmdebuggingplatform\algorithmdebuggingplatform\x64\debug\algorith.fc0b9cc7.tlog\cl.command.1.tlog
d:\algorithmdebuggingplatform\algorithmdebuggingplatform\x64\debug\algorith.fc0b9cc7.tlog\cl.read.1.tlog
d:\algorithmdebuggingplatform\algorithmdebuggingplatform\x64\debug\algorith.fc0b9cc7.tlog\cl.write.1.tlog
d:\algorithmdebuggingplatform\algorithmdebuggingplatform\x64\debug\algorith.fc0b9cc7.tlog\link.command.1.tlog
d:\algorithmdebuggingplatform\algorithmdebuggingplatform\x64\debug\algorith.fc0b9cc7.tlog\link.read.1.tlog
d:\algorithmdebuggingplatform\algorithmdebuggingplatform\x64\debug\algorith.fc0b9cc7.tlog\link.write.1.tlog
d:\algorithmdebuggingplatform\algorithmdebuggingplatform\x64\debug\algorith.fc0b9cc7.tlog\moc.read.1u.tlog
d:\algorithmdebuggingplatform\algorithmdebuggingplatform\x64\debug\algorith.fc0b9cc7.tlog\moc.write.1u.tlog
d:\algorithmdebuggingplatform\algorithmdebuggingplatform\x64\debug\algorith.fc0b9cc7.tlog\rcc.read.1u.tlog
d:\algorithmdebuggingplatform\algorithmdebuggingplatform\x64\debug\algorith.fc0b9cc7.tlog\rcc.write.1u.tlog
d:\algorithmdebuggingplatform\algorithmdebuggingplatform\x64\debug\algorith.fc0b9cc7.tlog\uic.read.1u.tlog
d:\algorithmdebuggingplatform\algorithmdebuggingplatform\x64\debug\algorith.fc0b9cc7.tlog\uic.write.1u.tlog
