  uic AlgorithmDebuggingPlatform.ui
  rcc AlgorithmDebuggingPlatform.qrc
  moc AlgorithmDebuggingPlatform.h
   RCC: Warning: No resources in 'D:\AlgorithmDebuggingPlatform\AlgorithmDebuggingPlatform\AlgorithmDebuggingPlatform.qrc'.
  yyjson.cpp
  AlgorithmDebuggingPlatform.cpp
  main.cpp
  qrc_AlgorithmDebuggingPlatform.cpp
  moc_AlgorithmDebuggingPlatform.cpp
  AlgorithmDebuggingPlatform.vcxproj -> D:\AlgorithmDebuggingPlatform\x64\Debug\AlgorithmDebuggingPlatform.exe
D:\AlgorithmDebuggingPlatform\AlgorithmDebuggingPlatform\yyjson.h(5539): warning C28182: 取消对 NULL 指针的引用。“cur_key->next”包含与“removed_item”相同的 NULL 值。
D:\AlgorithmDebuggingPlatform\AlgorithmDebuggingPlatform\yyjson.cpp(1915): warning C6011: 取消对 NULL 指针“patch_val”的引用。
D:\AlgorithmDebuggingPlatform\AlgorithmDebuggingPlatform\yyjson.cpp(1934): warning C6011: 取消对 NULL 指针“orig_val”的引用。
D:\AlgorithmDebuggingPlatform\AlgorithmDebuggingPlatform\yyjson.cpp(3094): warning C26451: 算术溢出: 使用 4 字节值上的运算符 + ，然后将结果转换到 8 字节值。在调用运算符 + 之前将值强制转换为宽类型可避免溢出(io.2)。
D:\AlgorithmDebuggingPlatform\AlgorithmDebuggingPlatform\yyjson.cpp(5666): warning C6385: 从“cur”中读取的数据无效: 可读大小为“_Old_6`len”个字节，但可能读取了“2”个字节。
D:\AlgorithmDebuggingPlatform\AlgorithmDebuggingPlatform\yyjson.cpp(5919): warning C26451: 算术溢出: 使用 4 字节值上的运算符 + ，然后将结果转换到 8 字节值。在调用运算符 + 之前将值强制转换为宽类型可避免溢出(io.2)。
D:\AlgorithmDebuggingPlatform\AlgorithmDebuggingPlatform\yyjson.cpp(5919): warning C26451: 算术溢出: 使用 4 字节值上的运算符 * ，然后将结果转换到 8 字节值。在调用运算符 * 之前将值强制转换为宽类型可避免溢出(io.2)。
D:\AlgorithmDebuggingPlatform\AlgorithmDebuggingPlatform\yyjson.cpp(5927): warning C26451: 算术溢出: 使用 4 字节值上的运算符 + ，然后将结果转换到 8 字节值。在调用运算符 + 之前将值强制转换为宽类型可避免溢出(io.2)。
D:\AlgorithmDebuggingPlatform\AlgorithmDebuggingPlatform\yyjson.cpp(5927): warning C26451: 算术溢出: 使用 4 字节值上的运算符 * ，然后将结果转换到 8 字节值。在调用运算符 * 之前将值强制转换为宽类型可避免溢出(io.2)。
D:\AlgorithmDebuggingPlatform\AlgorithmDebuggingPlatform\yyjson.cpp(5938): warning C26451: 算术溢出: 使用 4 字节值上的运算符 + ，然后将结果转换到 8 字节值。在调用运算符 + 之前将值强制转换为宽类型可避免溢出(io.2)。
D:\AlgorithmDebuggingPlatform\AlgorithmDebuggingPlatform\yyjson.cpp(5938): warning C26451: 算术溢出: 使用 4 字节值上的运算符 * ，然后将结果转换到 8 字节值。在调用运算符 * 之前将值强制转换为宽类型可避免溢出(io.2)。
D:\AlgorithmDebuggingPlatform\AlgorithmDebuggingPlatform\yyjson.cpp(5952): warning C26451: 算术溢出: 使用 4 字节值上的运算符 + ，然后将结果转换到 8 字节值。在调用运算符 + 之前将值强制转换为宽类型可避免溢出(io.2)。
D:\AlgorithmDebuggingPlatform\AlgorithmDebuggingPlatform\yyjson.cpp(5952): warning C26451: 算术溢出: 使用 4 字节值上的运算符 * ，然后将结果转换到 8 字节值。在调用运算符 * 之前将值强制转换为宽类型可避免溢出(io.2)。
D:\AlgorithmDebuggingPlatform\AlgorithmDebuggingPlatform\yyjson.cpp(5970): warning C26451: 算术溢出: 使用 4 字节值上的运算符 + ，然后将结果转换到 8 字节值。在调用运算符 + 之前将值强制转换为宽类型可避免溢出(io.2)。
D:\AlgorithmDebuggingPlatform\AlgorithmDebuggingPlatform\yyjson.cpp(5970): warning C26451: 算术溢出: 使用 4 字节值上的运算符 * ，然后将结果转换到 8 字节值。在调用运算符 * 之前将值强制转换为宽类型可避免溢出(io.2)。
D:\AlgorithmDebuggingPlatform\AlgorithmDebuggingPlatform\yyjson.cpp(5984): warning C26451: 算术溢出: 使用 4 字节值上的运算符 + ，然后将结果转换到 8 字节值。在调用运算符 + 之前将值强制转换为宽类型可避免溢出(io.2)。
D:\AlgorithmDebuggingPlatform\AlgorithmDebuggingPlatform\yyjson.cpp(5984): warning C26451: 算术溢出: 使用 4 字节值上的运算符 * ，然后将结果转换到 8 字节值。在调用运算符 * 之前将值强制转换为宽类型可避免溢出(io.2)。
D:\AlgorithmDebuggingPlatform\AlgorithmDebuggingPlatform\yyjson.cpp(6107): warning C26451: 算术溢出: 使用 4 字节值上的运算符 + ，然后将结果转换到 8 字节值。在调用运算符 + 之前将值强制转换为宽类型可避免溢出(io.2)。
D:\AlgorithmDebuggingPlatform\AlgorithmDebuggingPlatform\yyjson.cpp(6107): warning C26451: 算术溢出: 使用 4 字节值上的运算符 * ，然后将结果转换到 8 字节值。在调用运算符 * 之前将值强制转换为宽类型可避免溢出(io.2)。
D:\AlgorithmDebuggingPlatform\AlgorithmDebuggingPlatform\yyjson.cpp(6167): warning C26451: 算术溢出: 使用 4 字节值上的运算符 + ，然后将结果转换到 8 字节值。在调用运算符 + 之前将值强制转换为宽类型可避免溢出(io.2)。
D:\AlgorithmDebuggingPlatform\AlgorithmDebuggingPlatform\yyjson.cpp(6167): warning C26451: 算术溢出: 使用 4 字节值上的运算符 * ，然后将结果转换到 8 字节值。在调用运算符 * 之前将值强制转换为宽类型可避免溢出(io.2)。
D:\AlgorithmDebuggingPlatform\AlgorithmDebuggingPlatform\yyjson.cpp(6173): warning C26451: 算术溢出: 使用 4 字节值上的运算符 * ，然后将结果转换到 8 字节值。在调用运算符 * 之前将值强制转换为宽类型可避免溢出(io.2)。
D:\AlgorithmDebuggingPlatform\AlgorithmDebuggingPlatform\yyjson.cpp(6357): warning C26451: 算术溢出: 使用 4 字节值上的运算符 - ，然后将结果转换到 8 字节值。在调用运算符 - 之前将值强制转换为宽类型可避免溢出(io.2)。
D:\AlgorithmDebuggingPlatform\AlgorithmDebuggingPlatform\yyjson.cpp(6419): warning C26451: 算术溢出: 使用 4 字节值上的运算符 * ，然后将结果转换到 8 字节值。在调用运算符 * 之前将值强制转换为宽类型可避免溢出(io.2)。
D:\AlgorithmDebuggingPlatform\LibImageView\Geometry\BaseGeo.h(65): warning C26812: 枚举类型“ImageViewDefine::E_MouseState”未设定范围。相比于 "enum"，首选 "enum class" (Enum.3)。
D:\AlgorithmDebuggingPlatform\AlgorithmDebuggingPlatform\AlgorithmDebuggingPlatform.cpp(251): warning C6001: 使用未初始化的内存“lwndpl”。
