e:\checkbuilder0815\libcore\x64\debug\libcored.pch
e:\checkbuilder0815\x64\debug\libcored.pdb
e:\checkbuilder0815\x64\debug\libcored.idb
e:\checkbuilder0815\libcore\x64\debug\pch.obj
e:\checkbuilder0815\libcore\x64\debug\timercounter.obj
e:\checkbuilder0815\libcore\x64\debug\gstring.obj
e:\checkbuilder0815\libcore\x64\debug\baseref.obj
e:\checkbuilder0815\libcore\x64\debug\ggeometry.obj
e:\checkbuilder0815\libcore\x64\debug\basefile.obj
e:\checkbuilder0815\libcore\x64\debug\envviriable.obj
e:\checkbuilder0815\libcore\x64\debug\filedirectory.obj
e:\checkbuilder0815\libcore\x64\debug\coreimage.obj
e:\checkbuilder0815\libcore\x64\debug\inifile.obj
e:\checkbuilder0815\libcore\x64\debug\crashhandler.obj
e:\checkbuilder0815\libcore\x64\debug\dllimporter.obj
e:\checkbuilder0815\libcore\x64\debug\crashinfo.obj
e:\checkbuilder0815\x64\debug\libcored.lib
e:\checkbuilder0815\libcore\x64\debug\libcore.tlog\cl.command.1.tlog
e:\checkbuilder0815\libcore\x64\debug\libcore.tlog\cl.read.1.tlog
e:\checkbuilder0815\libcore\x64\debug\libcore.tlog\cl.write.1.tlog
e:\checkbuilder0815\libcore\x64\debug\libcore.tlog\lib.command.1.tlog
e:\checkbuilder0815\libcore\x64\debug\libcore.tlog\lib.read.1.tlog
e:\checkbuilder0815\libcore\x64\debug\libcore.tlog\lib.write.1.tlog
