e:\checkbuilder0815\libimageview\x64\release\georect.obj
e:\checkbuilder0815\libimageview\x64\release\geoarraw.obj
e:\checkbuilder0815\libimageview\x64\release\geoellipse.obj
e:\checkbuilder0815\libimageview\x64\release\geoarc.obj
e:\checkbuilder0815\libimageview\x64\release\libimageview.obj
e:\checkbuilder0815\libimageview\x64\release\geopolygon.obj
e:\checkbuilder0815\libimageview\x64\release\geocircle.obj
e:\checkbuilder0815\libimageview\x64\release\geopoint.obj
e:\checkbuilder0815\libimageview\x64\release\basegeo.obj
e:\checkbuilder0815\libimageview\x64\release\geopath.obj
e:\checkbuilder0815\libimageview\x64\release\geoline.obj
e:\checkbuilder0815\libimageview\x64\release\vc142.pdb
e:\checkbuilder0815\libimageview\x64\release\moc_geopoint.obj
e:\checkbuilder0815\libimageview\x64\release\moc_basegeo.obj
e:\checkbuilder0815\libimageview\x64\release\moc_geopolygon.obj
e:\checkbuilder0815\libimageview\x64\release\moc_geopath.obj
e:\checkbuilder0815\libimageview\x64\release\moc_geoarraw.obj
e:\checkbuilder0815\libimageview\x64\release\moc_georect.obj
e:\checkbuilder0815\libimageview\x64\release\moc_libimageview.obj
e:\checkbuilder0815\libimageview\x64\release\moc_geoarc.obj
e:\checkbuilder0815\libimageview\x64\release\moc_geoellipse.obj
e:\checkbuilder0815\libimageview\x64\release\moc_geocircle.obj
e:\checkbuilder0815\libimageview\x64\release\moc_geoline.obj
e:\checkbuilder0815\libimageview\x64\release\moc\moc_basegeo.cpp
e:\checkbuilder0815\libimageview\x64\release\moc\moc_geoellipse.cpp
e:\checkbuilder0815\libimageview\x64\release\moc\moc_geoline.cpp
e:\checkbuilder0815\libimageview\x64\release\moc\moc_geopoint.cpp
e:\checkbuilder0815\libimageview\x64\release\moc\moc_geopath.cpp
e:\checkbuilder0815\libimageview\x64\release\moc\moc_geopolygon.cpp
e:\checkbuilder0815\libimageview\x64\release\moc\moc_georect.cpp
e:\checkbuilder0815\libimageview\x64\release\moc\moc_geoarc.cpp
e:\checkbuilder0815\libimageview\x64\release\moc\moc_geoarraw.cpp
e:\checkbuilder0815\libimageview\x64\release\moc\moc_geocircle.cpp
e:\checkbuilder0815\libimageview\x64\release\moc\moc_libimageview.cpp
e:\checkbuilder0815\x64\release\libimageview.lib
e:\checkbuilder0815\x64\release\libimageview.exp
e:\checkbuilder0815\x64\release\libimageview.dll
e:\checkbuilder0815\x64\release\libimageview.ilk
e:\checkbuilder0815\x64\release\libimageview.pdb
e:\checkbuilder0815\libimageview\x64\release\libimageview.tlog\cl.command.1.tlog
e:\checkbuilder0815\libimageview\x64\release\libimageview.tlog\cl.read.1.tlog
e:\checkbuilder0815\libimageview\x64\release\libimageview.tlog\cl.write.1.tlog
e:\checkbuilder0815\libimageview\x64\release\libimageview.tlog\libimageview.write.1u.tlog
e:\checkbuilder0815\libimageview\x64\release\libimageview.tlog\link.command.1.tlog
e:\checkbuilder0815\libimageview\x64\release\libimageview.tlog\link.read.1.tlog
e:\checkbuilder0815\libimageview\x64\release\libimageview.tlog\link.write.1.tlog
e:\checkbuilder0815\libimageview\x64\release\libimageview.tlog\moc.read.1u.tlog
e:\checkbuilder0815\libimageview\x64\release\libimageview.tlog\moc.write.1u.tlog
